Determining if the pthread_create exist failed with the following output:
Change Dir: /mnt/d/home/workspace/kvengine/cmake-build-debug/CMakeFiles/CMakeTmp

Run Build Command:"/usr/bin/make" "cmTC_00ba4/fast"
/usr/bin/make -f CMakeFiles/cmTC_00ba4.dir/build.make CMakeFiles/cmTC_00ba4.dir/build
make[1]: Entering directory '/mnt/d/home/workspace/kvengine/cmake-build-debug/CMakeFiles/CMakeTmp'
Building C object CMakeFiles/cmTC_00ba4.dir/CheckSymbolExists.c.o
/usr/bin/cc    -o CMakeFiles/cmTC_00ba4.dir/CheckSymbolExists.c.o   -c /mnt/d/home/workspace/kvengine/cmake-build-debug/CMakeFiles/CMakeTmp/CheckSymbolExists.c
Linking C executable cmTC_00ba4
/usr/bin/cmake -E cmake_link_script CMakeFiles/cmTC_00ba4.dir/link.txt --verbose=1
/usr/bin/cc      -rdynamic CMakeFiles/cmTC_00ba4.dir/CheckSymbolExists.c.o  -o cmTC_00ba4 
/usr/bin/ld: CMakeFiles/cmTC_00ba4.dir/CheckSymbolExists.c.o: in function `main':
CheckSymbolExists.c:(.text+0x1b): undefined reference to `pthread_create'
collect2: error: ld returned 1 exit status
make[1]: *** [CMakeFiles/cmTC_00ba4.dir/build.make:87: cmTC_00ba4] Error 1
make[1]: Leaving directory '/mnt/d/home/workspace/kvengine/cmake-build-debug/CMakeFiles/CMakeTmp'
make: *** [Makefile:121: cmTC_00ba4/fast] Error 2

File /mnt/d/home/workspace/kvengine/cmake-build-debug/CMakeFiles/CMakeTmp/CheckSymbolExists.c:
/* */
#include <pthread.h>

int main(int argc, char** argv)
{
  (void)argv;
#ifndef pthread_create
  return ((int*)(&pthread_create))[argc];
#else
  (void)argc;
  return 0;
#endif
}

Determining if the function pthread_create exists in the pthreads failed with the following output:
Change Dir: /mnt/d/home/workspace/kvengine/cmake-build-debug/CMakeFiles/CMakeTmp

Run Build Command:"/usr/bin/make" "cmTC_29e02/fast"
/usr/bin/make -f CMakeFiles/cmTC_29e02.dir/build.make CMakeFiles/cmTC_29e02.dir/build
make[1]: Entering directory '/mnt/d/home/workspace/kvengine/cmake-build-debug/CMakeFiles/CMakeTmp'
Building C object CMakeFiles/cmTC_29e02.dir/CheckFunctionExists.c.o
/usr/bin/cc   -DCHECK_FUNCTION_EXISTS=pthread_create   -o CMakeFiles/cmTC_29e02.dir/CheckFunctionExists.c.o   -c /usr/share/cmake-3.13/Modules/CheckFunctionExists.c
Linking C executable cmTC_29e02
/usr/bin/cmake -E cmake_link_script CMakeFiles/cmTC_29e02.dir/link.txt --verbose=1
/usr/bin/cc  -DCHECK_FUNCTION_EXISTS=pthread_create    -rdynamic CMakeFiles/cmTC_29e02.dir/CheckFunctionExists.c.o  -o cmTC_29e02 -lpthreads 
/usr/bin/ld: cannot find -lpthreads
collect2: error: ld returned 1 exit status
make[1]: *** [CMakeFiles/cmTC_29e02.dir/build.make:87: cmTC_29e02] Error 1
make[1]: Leaving directory '/mnt/d/home/workspace/kvengine/cmake-build-debug/CMakeFiles/CMakeTmp'
make: *** [Makefile:121: cmTC_29e02/fast] Error 2


